[    0.000000] Initializing cgroup subsys cpuset
[    0.000000] Initializing cgroup subsys cpu
[    0.000000] Initializing cgroup subsys cpuacct
[    0.000000] Linux version 4.4.0-154-generic (buildd@lgw01-amd64-049) (gcc version 5.4.0 20160609 (Ubuntu 5.4.0-6ubuntu1~16.04.10) ) #181-Ubuntu SMP Tue Jun 25 05:29:03 UTC 2019 (Ubuntu 4.4.0-154.181-generic 4.4.179)
[    0.000000] Command line: BOOT_IMAGE=/boot/vmlinuz-4.4.0-154-generic root=LABEL=cloudimg-rootfs ro console=tty1 console=ttyS0
[    0.000000] KERNEL supported cpus:
[    0.000000]   Intel GenuineIntel
[    0.000000]   AMD AuthenticAMD
[    0.000000]   Centaur CentaurHauls
[    0.000000] x86/fpu: Legacy x87 FPU detected.
[    0.000000] e820: BIOS-provided physical RAM map:
[    0.000000] BIOS-e820: [mem 0x0000000000000000-0x000000000009fbff] usable
[    0.000000] BIOS-e820: [mem 0x000000000009fc00-0x000000000009ffff] reserved
[    0.000000] BIOS-e820: [mem 0x00000000000f0000-0x00000000000fffff] reserved
[    0.000000] BIOS-e820: [mem 0x0000000000100000-0x000000001ffeffff] usable
[    0.000000] BIOS-e820: [mem 0x000000001fff0000-0x000000001fffffff] ACPI data
[    0.000000] BIOS-e820: [mem 0x00000000fec00000-0x00000000fec00fff] reserved
[    0.000000] BIOS-e820: [mem 0x00000000fee00000-0x00000000fee00fff] reserved
[    0.000000] BIOS-e820: [mem 0x00000000fffc0000-0x00000000ffffffff] reserved
[    0.000000] NX (Execute Disable) protection: active
[    0.000000] SMBIOS 2.5 present.
[    0.000000] Hypervisor detected: KVM
[    0.000000] e820: last_pfn = 0x1fff0 max_arch_pfn = 0x400000000
[    0.000000] MTRR: Disabled
[    0.000000] x86/PAT: MTRRs disabled, skipping PAT initialization too.
[    0.000000] CPU MTRRs all blank - virtualized system.
[    0.000000] x86/PAT: Configuration [0-7]: WB  WT  UC- UC  WB  WT  UC- UC  
[    0.000000] found SMP MP-table at [mem 0x0009fff0-0x0009ffff] mapped at [ffff88000009fff0]
[    0.000000] Scanning 1 areas for low memory corruption
[    0.000000] RAMDISK: [mem 0x1e8bb000-0x1f735fff]
[    0.000000] ACPI: Early table checksum verification disabled
[    0.000000] ACPI: RSDP 0x00000000000E0000 000024 (v02 VBOX  )
[    0.000000] ACPI: XSDT 0x000000001FFF0030 00003C (v01 VBOX   VBOXXSDT 00000001 ASL  00000061)
[    0.000000] ACPI: FACP 0x000000001FFF00F0 0000F4 (v04 VBOX   VBOXFACP 00000001 ASL  00000061)
[    0.000000] ACPI: DSDT 0x000000001FFF0480 0021FF (v02 VBOX   VBOXBIOS 00000002 INTL 20180105)
[    0.000000] ACPI: FACS 0x000000001FFF0200 000040
[    0.000000] ACPI: FACS 0x000000001FFF0200 000040
[    0.000000] ACPI: APIC 0x000000001FFF0240 00006C (v02 VBOX   VBOXAPIC 00000001 ASL  00000061)
[    0.000000] ACPI: SSDT 0x000000001FFF02B0 0001CC (v01 VBOX   VBOXCPUT 00000002 INTL 20180105)
[    0.000000] No NUMA configuration found
[    0.000000] Faking a node at [mem 0x0000000000000000-0x000000001ffeffff]
[    0.000000] NODE_DATA(0) allocated [mem 0x1ffeb000-0x1ffeffff]
[    0.000000] kvm-clock: Using msrs 4b564d01 and 4b564d00
[    0.000000] kvm-clock: cpu 0, msr 0:1ffe3001, primary cpu clock
[    0.000000] kvm-clock: using sched offset of 5360338199 cycles
[    0.000000] clocksource: kvm-clock: mask: 0xffffffffffffffff max_cycles: 0x1cd42e4dffb, max_idle_ns: 881590591483 ns
[    0.000000] Zone ranges:
[    0.000000]   DMA      [mem 0x0000000000001000-0x0000000000ffffff]
[    0.000000]   DMA32    [mem 0x0000000001000000-0x000000001ffeffff]
[    0.000000]   Normal   empty
[    0.000000]   Device   empty
[    0.000000] Movable zone start for each node
[    0.000000] Early memory node ranges
[    0.000000]   node   0: [mem 0x0000000000001000-0x000000000009efff]
[    0.000000]   node   0: [mem 0x0000000000100000-0x000000001ffeffff]
[    0.000000] Initmem setup node 0 [mem 0x0000000000001000-0x000000001ffeffff]
[    0.000000] ACPI: PM-Timer IO Port: 0x4008
[    0.000000] IOAPIC[0]: apic_id 4, version 32, address 0xfec00000, GSI 0-23
[    0.000000] ACPI: INT_SRC_OVR (bus 0 bus_irq 0 global_irq 2 dfl dfl)
[    0.000000] ACPI: INT_SRC_OVR (bus 0 bus_irq 9 global_irq 9 low level)
[    0.000000] Using ACPI (MADT) for SMP configuration information
[    0.000000] smpboot: Allowing 4 CPUs, 0 hotplug CPUs
[    0.000000] PM: Registered nosave memory: [mem 0x00000000-0x00000fff]
[    0.000000] PM: Registered nosave memory: [mem 0x0009f000-0x0009ffff]
[    0.000000] PM: Registered nosave memory: [mem 0x000a0000-0x000effff]
[    0.000000] PM: Registered nosave memory: [mem 0x000f0000-0x000fffff]
[    0.000000] e820: [mem 0x20000000-0xfebfffff] available for PCI devices
[    0.000000] Booting paravirtualized kernel on KVM
[    0.000000] clocksource: refined-jiffies: mask: 0xffffffff max_cycles: 0xffffffff, max_idle_ns: 7645519600211568 ns
[    0.000000] setup_percpu: NR_CPUS:512 nr_cpumask_bits:512 nr_cpu_ids:4 nr_node_ids:1
[    0.000000] PERCPU: Embedded 34 pages/cpu @ffff88001fc00000 s99480 r8192 d31592 u524288
[    0.000000] Built 1 zonelists in Node order, mobility grouping on.  Total pages: 128888
[    0.000000] Policy zone: DMA32
[    0.000000] Kernel command line: BOOT_IMAGE=/boot/vmlinuz-4.4.0-154-generic root=LABEL=cloudimg-rootfs ro console=tty1 console=ttyS0
[    0.000000] PID hash table entries: 2048 (order: 2, 16384 bytes)
[    0.000000] Memory: 481380K/523832K available (8613K kernel code, 1335K rwdata, 4028K rodata, 1484K init, 1284K bss, 42452K reserved, 0K cma-reserved)
[    0.000000] SLUB: HWalign=64, Order=0-3, MinObjects=0, CPUs=4, Nodes=1
[    0.000000] Kernel/User page tables isolation: enabled
[    0.000000] Hierarchical RCU implementation.
[    0.000000] 	Build-time adjustment of leaf fanout to 64.
[    0.000000] 	RCU restricting CPUs from NR_CPUS=512 to nr_cpu_ids=4.
[    0.000000] RCU: Adjusting geometry for rcu_fanout_leaf=64, nr_cpu_ids=4
[    0.000000] NR_IRQS:33024 nr_irqs:456 16
[    0.000000] Console: colour VGA+ 80x25
[    0.000000] console [tty1] enabled
[    0.000000] console [ttyS0] enabled
[    0.000000] tsc: Detected 2992.498 MHz processor
[    0.770785] Calibrating delay loop (skipped) preset value.. 5984.99 BogoMIPS (lpj=11969992)
[    0.799734] pid_max: default: 32768 minimum: 301
[    0.801307] ACPI: Core revision 20150930
[    0.803972] ACPI: 2 ACPI AML tables successfully acquired and loaded
[    0.806135] Security Framework initialized
[    0.807572] Yama: becoming mindful.
[    0.808947] AppArmor: AppArmor initialized
[    0.810508] Dentry cache hash table entries: 65536 (order: 7, 524288 bytes)
[    0.812749] Inode-cache hash table entries: 32768 (order: 6, 262144 bytes)
[    0.814871] Mount-cache hash table entries: 1024 (order: 1, 8192 bytes)
[    0.953842] Mountpoint-cache hash table entries: 1024 (order: 1, 8192 bytes)
[    0.963587] Initializing cgroup subsys io
[    1.029953] Initializing cgroup subsys memory
[    1.042505] Initializing cgroup subsys devices
[    1.044000] Initializing cgroup subsys freezer
[    1.113137] Initializing cgroup subsys net_cls
[    1.114638] Initializing cgroup subsys perf_event
[    1.116184] Initializing cgroup subsys net_prio
[    1.188968] Initializing cgroup subsys hugetlb
[    1.190464] Initializing cgroup subsys pids
[    1.217016] mce: CPU supports 0 MCE banks
[    1.297441] Last level iTLB entries: 4KB 128, 2MB 4, 4MB 4
[    1.332651] Last level dTLB entries: 4KB 256, 2MB 0, 4MB 32, 1GB 0
[    1.334511] Spectre V2 : Mitigation: Full generic retpoline
[    1.336232] Spectre V2 : Spectre v2 / SpectreRSB mitigation: Filling RSB on context switch
[    1.367265] Speculative Store Bypass: Vulnerable
[    1.369710] MDS: Vulnerable: Clear CPU buffers attempted, no microcode
[    1.375270] Freeing SMP alternatives memory: 36K
[    1.384577] ftrace: allocating 32299 entries in 127 pages
[    1.454582] smpboot: APIC(0) Converting physical 0 to logical package 0
[    1.485977] smpboot: Max logical packages: 1
[    1.488071] x2apic enabled
[    1.504119] Switched APIC routing to physical x2apic.
[    1.508918] ..TIMER: vector=0x30 apic1=0 pin1=2 apic2=-1 pin2=-1
[    1.616769] smpboot: CPU0: Intel(R) Core(TM)2 Duo CPU     E8400  @ 3.00GHz (family: 0x6, model: 0x17, stepping: 0xa)
[    1.644966] Performance Events: unsupported p6 CPU model 23 no PMU driver, software events only.
[    1.746213] KVM setup paravirtual spinlock
[    1.771393] x86: Booting SMP configuration:
[    1.778142] .... node  #0, CPUs:      #1
[    1.781659] kvm-clock: cpu 1, msr 0:1ffe3041, secondary cpu clock
[    1.793409] mce: CPU supports 0 MCE banks
[    1.798127]  #2
[    1.812949] kvm-clock: cpu 2, msr 0:1ffe3081, secondary cpu clock
[    1.822165] mce: CPU supports 0 MCE banks
[    1.827653]  #3
[    1.841346] kvm-clock: cpu 3, msr 0:1ffe30c1, secondary cpu clock
[    1.843310] mce: CPU supports 0 MCE banks
[    1.847772] x86: Booted up 1 node, 4 CPUs
[    1.849703] smpboot: Total of 4 processors activated (23939.98 BogoMIPS)
[    1.858800] devtmpfs: initialized
[    1.868849] evm: security.selinux
[    1.877375] evm: security.SMACK64
[    1.878625] evm: security.SMACK64EXEC
[    1.882090] evm: security.SMACK64TRANSMUTE
[    1.883507] evm: security.SMACK64MMAP
[    1.884827] evm: security.ima
[    1.886028] evm: security.capability
[    1.887564] clocksource: jiffies: mask: 0xffffffff max_cycles: 0xffffffff, max_idle_ns: 7645041785100000 ns
[    1.896040] futex hash table entries: 1024 (order: 4, 65536 bytes)
[    1.908751] pinctrl core: initialized pinctrl subsystem
[    1.923447] RTC time: 17:08:17, date: 08/08/19
[    1.925527] NET: Registered protocol family 16
[    1.940458] cpuidle: using governor ladder
[    1.952519] cpuidle: using governor menu
[    1.954019] PCCT header not found.
[    1.960523] ACPI: bus type PCI registered
[    1.963026] acpiphp: ACPI Hot Plug PCI Controller Driver version: 0.5
[    1.975852] PCI: Using configuration type 1 for base access
[    1.992297] ACPI: Added _OSI(Module Device)
[    1.994861] ACPI: Added _OSI(Processor Device)
[    1.996364] ACPI: Added _OSI(3.0 _SCP Extensions)
[    2.008595] ACPI: Added _OSI(Processor Aggregator Device)
[    2.011207] ACPI: Executed 1 blocks of module-level executable AML code
[    2.015925] ACPI: Interpreter enabled
[    2.017268] ACPI: (supports S0 S5)
[    2.018542] ACPI: Using IOAPIC for interrupt routing
[    2.035078] PCI: Using host bridge windows from ACPI; if necessary, use "pci=nocrs" and report a bug
[    2.078842] ACPI: PCI Root Bridge [PCI0] (domain 0000 [bus 00-ff])
[    2.117849] acpi PNP0A03:00: _OSC: OS supports [ASPM ClockPM Segments MSI]
[    2.119875] acpi PNP0A03:00: _OSC: not requesting OS control; OS requires [ExtendedConfig ASPM ClockPM MSI]
[    2.136689] acpi PNP0A03:00: fail to add MMCONFIG information, can't access extended PCI configuration space under this bridge.
[    2.154747] PCI host bridge to bus 0000:00
[    2.156168] pci_bus 0000:00: root bus resource [io  0x0000-0x0cf7 window]
[    2.194647] pci_bus 0000:00: root bus resource [io  0x0d00-0xffff window]
[    2.196634] pci_bus 0000:00: root bus resource [mem 0x000a0000-0x000bffff window]
[    2.241379] pci_bus 0000:00: root bus resource [mem 0x20000000-0xfdffffff window]
[    2.255809] pci_bus 0000:00: root bus resource [bus 00-ff]
[    2.259752] pci 0000:00:01.1: legacy IDE quirk: reg 0x10: [io  0x01f0-0x01f7]
[    2.289684] pci 0000:00:01.1: legacy IDE quirk: reg 0x14: [io  0x03f6]
[    2.291616] pci 0000:00:01.1: legacy IDE quirk: reg 0x18: [io  0x0170-0x0177]
[    2.304461] pci 0000:00:01.1: legacy IDE quirk: reg 0x1c: [io  0x0376]
[    2.328359] pci 0000:00:07.0: quirk: [io  0x4000-0x403f] claimed by PIIX4 ACPI
[    2.378054] pci 0000:00:07.0: quirk: [io  0x4100-0x410f] claimed by PIIX4 SMB
[    2.426313] ACPI: PCI Interrupt Link [LNKA] (IRQs 5 9 10 *11)
[    2.449937] ACPI: PCI Interrupt Link [LNKB] (IRQs 5 9 *10 11)
[    2.452358] ACPI: PCI Interrupt Link [LNKC] (IRQs 5 *9 10 11)
[    2.460100] ACPI: PCI Interrupt Link [LNKD] (IRQs 5 9 10 *11)
[    2.467954] ACPI: Enabled 2 GPEs in block 00 to 07
[    2.493121] vgaarb: setting as boot device: PCI:0000:00:02.0
[    2.500012] vgaarb: device added: PCI:0000:00:02.0,decodes=io+mem,owns=io+mem,locks=none
[    2.526785] vgaarb: loaded
[    2.528988] vgaarb: bridge control possible 0000:00:02.0
[    2.543226] SCSI subsystem initialized
[    2.545141] ACPI: bus type USB registered
[    2.546603] usbcore: registered new interface driver usbfs
[    2.624037] usbcore: registered new interface driver hub
[    2.625791] usbcore: registered new device driver usb
[    2.634939] PCI: Using ACPI for IRQ routing
[    2.668225] NetLabel: Initializing
[    2.669559] NetLabel:  domain hash size = 128
[    2.729982] NetLabel:  protocols = UNLABELED CIPSOv4
[    2.793755] NetLabel:  unlabeled traffic allowed by default
[    2.817873] amd_nb: Cannot enumerate AMD northbridges
[    2.862365] clocksource: Switched to clocksource kvm-clock
[    2.946646]ApAror AppArmor Filesystem Enabled
[    3.114454] pnp: PnP ACPI init
[    3.116854] pnp: PnP ACPI: found 3 devices
[   .1105]clckoue:acpi_pm: mask: 0xffffff max_cycles: 0xffffff, max_idle_ns: 2085701024 ns
[    3.437270] NET: Registered protocol family 2
[    3.439395] TCP established hash table entries: 4096 (order: 3, 32768 bytes)
[    3.441480] TCP bind hash table entries: 4096 (order: 4, 65536 bytes)
[    3.443414] TCP: Hash tables configured (established 4096 bind 4096)
[  3.4487 UDP hash table entries: 256 (order: 1, 8192 bytes)
[    3.782202] UD-Lite ha tble entries: 256 (order: 1, 8192 bytes)
[    3.930330] NET: Registered protocol family 1
[    3.931850] pci 0000:00:00.0: Limiting direct PCI/PCI transfers
[    3.933674] pci 0000:00:01.0: Activating ISA DMA hang workarounds
[    3.935794] Unpacking initramfs...
[  4.177582] Freeing initrd memory: 14828K
[    4.237561] clocksource: tsc: mask: 0xffffffffffffffff max_cycles: 0x2b2296bc2b9, max_idle_ns: 440795321505 ns
[    4.240747] platform rtc_cmos: registered platform RTC device (no PNP device found)
[    4.243455] Scanning for low memory corruption every 60 seconds

[    4.245988] audit: initializing netlink subsys (disabled)
[    4.272127] audit: type=2000 audit(1565284103.825:1): initialized
[    4.274398] Inialise system trusted keyring

[    4.335551] HugeTLB registered 2 MB page size, pre-allocated 0 pages
[    4.339381] zbud: loaded
[    4.340927] VFS: Disk quotas dquot_6.6.0
[    4.342374] VFS: Dquot-cache hash table entries: 512 (order 0, 4096 bytes)
[    4.344739] squashfs: version 4.0 (2009/01/31) Phillip Lougher
[    4.346945] fuse init (API version 7.23)
[    4.348522] Key type big_key registered
[    4.349939] Allocating IMA MOK and blacklist keyrings.
[    4.353859] Key type asymmetric registered
[    4.355323] Asymmetric key parser 'x509' registered
[    4.376191] Block layer SCSI generic (bsg) driver version 0.4 loaded (major 249)
[    4.379152] io scheduler noop registered
[    4.380602] io scheduler deadline registered (default)
[    4.391534] io scheduler cfq registered
[    4.427533] pci_hotplug: PCI Hot Plug PCI Core version: 0.5
[    4.429380] pciehp: PCI Express Hot Plug Controller Driver version: 0.4
[    4.431809] ACPI: AC Adapter [AC] (on-line)
[    4.433409] input: Power Button as /devices/LNXSYSTM:00/LNXPWRBN:00/input/input0
[    4.437253] ACPI: Power Button WR]
[    4.630822] input: Sleep Button as /devices/LNXSYSTM:00/LNXSLPB:0/ipu/input1
[  498771] ACPI: Sleep Button [SLPF]

[    5.101081] GHES: HEST is not enabled
[    5.162040] Serial: 8250/16550 driver, 32 ports, IRQ sharing enabled
[   5.190603] 00:02: ttyS0 at I/O 0x3f8 (irq = 4, base_baud = 115200) is a 16550A
[    5.225066] Linux agpgart interface v0.103

[    5.231100] loop: module loaded
[    5.233679] scsi host0: ata_piix
[    5.239402] scsi host1: ata_piix
[   .240758] ata1: PATA max UDMA/33 cmd 0x1f0 ctl 0x3f6 bmdma 0xd000 irq 14
[    5.304031] ata2: PATA max UDMA/33 cmd 0x170 ctl 0x376 bmdma 0xd008 irq 15
[    5.307115] libphy: Fixed MDIO Bus: probed
[    5.308610] tun: Universal TUN/TAP device driver, 1.6
[    5.310320] tun: (C) 1999-2004 Max Krasnyansky <maxk@qualom.cm>
[    5.404119] PPP generic driver version 2.4.2
[    5.405771] ehci_hcd: USB 2.0 'Enhanced' Host Controller (EHCI) Driver
[    5.40728] ehci-pci: EHCI PCI platform driver
[    5.439959] ehci-platform: EHCI geric platform driver
[    5.583312] ohchc: USB 1.1 'Open' Host Conroller (OHCI) Driver

[  58087] ohcipci: OHCI PCI platfrm drer
[    6.153079] ohci-plafom: OHCI generic platform driver
[    6.268861] uhci_hcd: USB Universal Host Controller Interface driver
[    6.270962] i8042: PNP: PS/2 Controller [PNP0303:PS2K,PNP0f03:PS2M] at 0x60,0x64 irq 1,12
[    6.274570] serio: i8042 KBD port at 0x60,0x6irq 1
[    6.336910] serio: i8042 AUX port at 0x60,0x64 irq 12
[    6.338810] mousedev: PS/2 mouse device common for all mice
[   6.4170] input: AT Translated Set 2eyboard as /devices/platform/i8042/serio0/input/input2
[[    6.341715] rtc_cmos rtc_cmos: rtc core: registered rtc_cmos as rtc0
[    6.341856] rtc_cmos rtc_cmos: alarms up to one day, 114 bytes nvram
[    6.341865] i2c /dev entries driver
[    6.341952] device-mapper: uevent: version 1.0.3
[    6.716153] device-mapper: ioctl: 4.34.0-ioctl (2015-10-28) initialised: dm-devel@redhat.com
[    6.716193] ledtrig-cpu: registered to indicate activity on CPUs
[    6.718025] NET: Registered protocol family 10
[    6.718565] NET: Registered protocol family 17
[    6.718586] Key type dns_resolver registered
[    6.718992] registered taskstats version 1
[    6.719017] Loading compiled-in X.509 certificates
[    6.720021] Loaded X.509 cert 'Build time autogenerated kernel key: 65139e04a67245b562a838c28b5e7032abdd4348'
[    6.720052] zswap: loaded using pool lzo/zbud
[    6.757531] Key type trusted registered
[    6.789974] Key type encrypted registered
[    6.972388] AppArmor: AppArmor sha1 policy hashing enabled
[    7.202319] ima: No TPM chip found, activating TPM-bypass!
[    7.562333] ima: Allocated hash algorithm: sha1
[    7.632374] evm: HMAC attrs: 0x1
[    7.662726]   Magic number: 15:480:137
[    7.682316] rtc_cmos rtc_cmos: setting system clock to 2019-08-08 17:08:23 UTC (1565284103)
[    7.685672] BIOS EDD facility v0.16 2004-Jun-25, 0 devices found
[    7.687610] EDD information not available.
[    7.694952] Freeing unused kernel memory: 1484K
[    7.725465] Write protecting the kernel read-only data: 14336k
[    7.816808] Freeing unused kernel memory: 1616K
[    7.818874] Freeing unused kernel memory: 68K
Loading, please wait...
starting version 229
[    7.986447] random: systemd-udevd: uninitialized urandom read (16 bytes read, 3 bits of entropy available)
[    7.991519] random: udevadm: uninitialized urandom read (16 bytes read, 3 bits of entropy available)
[    7.991641] random: udevadm: uninitialized urandom read (16 bytes read, 3 bits of entropy available)
[    8.004526] random: systemd-udevd: uninitialized urandom read (16 bytes read, 3 bits of entropy available)
[    8.009637] random: systemd-udevd: uninitialized urandom read (16 bytes read, 3 bits of entropy available)
[    8.014691] random: systemd-udevd: uninitialized urandom read (16 bytes read, 3 bits of entropy available)
[    8.048534] random: systemd-udevd: uninitialized urandom read (16 bytes read, 3 bits of entropy available)
[    8.053516] random: systemd-udevd: uninitialized urandom read (16 bytes read, 3 bits of entropy available)
[    8.058447] random: systemd-udevd: uninitialized urandom read (16 bytes read, 3 bits of entropy available)
[    8.080077] random: udevadm: uninitialized urandom read (16 bytes read, 3 bits of entropy available)
[    9.161006] e1000: Intel(R) PRO/1000 Network Driver - version 7.3.21-k8-NAPI
[    9.164826] e1000: Copyright (c) 1999-2006 Intel Corporation.
[    9.230685] Fusion MPT base driver 3.04.20
[    9.232989] Copyright (c) 1999-2008 LSI Corporation
[    9.950709] Fusion MPT SPI Host driver 3.04.20
[   10.020439] input: ImExPS/2 Generic Explorer Mouse as /devices/platform/i8042/serio1/input/input4
[   10.336631] e1000 0000:00:03.0 eth0: (PCI:33MHz:32-bit) 02:1e:e5:6d:71:21
[   10.348525] e1000 0000:00:03.0 eth0: Intel(R) PRO/1000 Network Connection
[   10.375504] mptbase: ioc0: Initiating bringup
[   10.418998] e1000 0000:00:03.0 enp0s3: renamed from eth0
[   10.665459] ioc0: LSI53C1030 A0: Capabilities={Initiator}
[   12.056975] scsi host2: ioc0: LSI53C1030 A0, FwRev=00000000h, Ports=1, MaxQ=256, IRQ=20
[   14.076864] scsi 2:0:0:0: Direct-Access     VBOX     HARDDISK         1.0  PQ: 0 ANSI: 5
[   14.080897] scsi target2:0:0: Beginning Domain Validation
[   14.658906] scsi target2:0:0: Domain Validation skipping write tests
[   15.825453] scsi target2:0:0: Ending Domain Validation
[   16.357815] scsi target2:0:0: asynchronous
[   16.361519] scsi 2:0:1:0: Direct-Access     VBOX     HARDDISK         1.0  PQ: 0 ANSI: 5
[   16.364320] scsi target2:0:1: Beginning Domain Validation
[   16.367383] scsi target2:0:1: Domain Validation skipping write tests
[   16.369319] scsi target2:0:1: Ending Domain Validation
[   16.373757] scsi target2:0:1: asynchronous
[   16.389126] sd 2:0:0:0: [sda] 20971520 512-byte logical blocks: (10.7 GB/10.0 GiB)
[   16.390391] sd 2:0:0:0: Attached scsi generic sg0 type 0
[   16.398791] sd 2:0:1:0: Attached scsi generic sg1 type 0
[   16.408219] sd 2:0:0:0: [sda] Write Protect is off
[   16.408381] sd 2:0:1:0: [sdb] 20480 512-byte logical blocks: (10.5 MB/10.0 MiB)
[   16.408487] sd 2:0:0:0: [sda] Incomplete mode parameter data
[   16.408488] sd 2:0:0:0: [sda] Assuming drive cache: write through
[   16.408936] sd 2:0:1:0: [sdb] Write Protect is off
[   16.409160] sd 2:0:1:0: [sdb] Incomplete mode parameter data
[   16.409162] sd 2:0:1:0: [sdb] Assuming drive cache: write through
[   16.421134]  sda: sda1
[   16.422356] sd 2:0:0:0: [sda] Attached SCSI disk
[   16.450714] sd 2:0:1:0: [sdb] Attached SCSI disk
Begin: Loading essential drivers ... [   19.438724] md: linear personality registered for level -1
[   19.491227] md: multipath personality registered for level -4
[   19.678914] md: raid0 personality registered for level 0
[   19.721535] md: raid1 personality registered for level 1
[   19.837447] raid6: sse2x1   gen()  4724 MB/s
[   19.925495] raid6: sse2x1   xor()  4699 MB/s
[   20.001500] raid6: sse2x2   gen()  5692 MB/s
[   20.073526] raid6: sse2x2   xor()  5720 MB/s
[   20.145531] raid6: sse2x4   gen()  8066 MB/s
[   20.217511] raid6: sse2x4   xor()  6236 MB/s
[   20.219040] raid6: using algorithm sse2x4 gen() 8066 MB/s
[   20.220804] raid6: .... xor() 6236 MB/s, rmw enabled
[   20.223605] raid6: using ssse3x2 recovery algorithm
[   20.244514] xor: measuring software checksum speed
[   20.701431]    prefetch64-sse: 707647.000 MB/sec
[   21.400093]    generic_sse: 82713.000 MB/sec
[   21.541393] xor: using function: prefetch64-sse (707647.000 MB/sec)
[   22.140821] async_tx: api initialized (async)
[   22.247818] md: raid6 personality registered for level 6
[   22.251267] md: raid5 personality registered for level 5
[   22.254319] md: raid4 personality registered for level 4
[   22.353905] md: raid10 personality registered for level 10
done.
Begin: Running /scripts/init-premount ... done.
Begin: Mounting root file system ... Begin: Running /scripts/local-top ... done.
Begin: Running /scripts/local-premount ... [   22.563974] Btrfs loaded
Scanning for Btrfs filesystems
done.
Warning: fsck not present, so skipping root file system
[   22.863561] EXT4-fs (sda1): mounted filesystem with ordered data mode. Opts: (null)
done.
Begin: Running /scripts/local-bottom ... done.
Begin: Running /scripts/init-bottom ... done.
[  23.79976] random: nonblocking pool is initialized

[   23.907299] systemd[1]: systemd 229 running in system mode. (+PAM +AUDIT +SELINUX +IMA +APPARMOR +SMACK +SYSVINIT +UTMP +LIBCRYPTSETUP +GCRYPT +GNUTLS +ACL +XZ -LZ4 +SECCOMP +BLKID +ELFUTILS +KMOD -IDN)
[   24.014450] systemd[1]: Detected virtualization oracle.
[   24.016293] systemd[1]: Detected architecture x86-64.

Welcome to [1mUbuntu 16.04.6 LTS[0m!

[   24.073139] systemd[1]: Set hostname to <ubuntu-xenial>.
[   25.723581] systemd[1]: Reached target Swap.
[[0;32m  OK  [0m] Reached target Swap.
[   25.829968] systemd[1]: Listening on udev Kernel Socket.
[[0;32m  OK  [0m] Listening on udev Kernel Socket.
[   25.868329] systemd[1]: Listening on LVM2 poll daemon socket.
[[0;32m  OK  [0m] Listening on LVM2 poll daemon socket.
[   25.883485] systemd[1]: Created slice User and Session Slice.
[[0;32m  OK  [0m] Created slice User and Session Slice.
[   25.904345] systemd[1]: Created slice System Slice.
[[0;32m  OK  [0m] Created slice System Slice.
[   25.910873] systemd[1]: Reached target Encrypted Volumes.
[[0;32m  OK  [0m] Reached target Encrypted Volumes.
[   25.921937] systemd[1]: Listening on /dev/initctl Compatibility Named Pipe.
[[0;32m  OK  [0m] Listening on /dev/initctl Compatibility Named Pipe.
[   25.978649] systemd[1]: Set up automount Arbitrary Executable File Formats File System Automount Point.
[[0;32m  OK  [0m] Set up automount Arbitrary Executab...ats File System Automount Point.
[   26.042380] systemd[1]: Listening on Journal Socket.
[[0;32m  OK  [0m] Listening on Journal Socket.
[   26.098254] systemd[1]: Starting Nameserver information manager...
         Starting Nameserver information manager...
[   26.140385] systemd[1]: Starting Load Kernel Modules...
         Starting Load Kernel Modules...
[   26.207088] systemd[1]: Starting Set console keymap...
         Starting Set console keymap...
[   26.435225] systemd[1]: Starting Remount Root and Kernel File Systems...
[   26.443945] Loading iSCSI transport class v2.0-870.
         Starting Remount Root and Kernel File Systems...
[   26.595026] EXT4-fs (sda1): re-mounted. Opts: (null)
[   26.640985] systemd[1]: Starting Create list of required static device nodes for the current kernel...
[   26.719046] iscsi: registered transport (tcp)
         Starting Create list of required st... nodes for the current kernel...
[   26.755218] systemd[1]: Started Forward Password Requests to Wall Directory Watch.
[[0;32m  OK  [0m] Started Forward Password Requests to Wall Directory Watch.
[   26.774226] systemd[1]: Listening on Journal Socket (/dev/log).
[[0;32m  OK  [0m] Listening on Journal Socket (/dev/log).
[   26.833105] systemd[1]: Listening on udev Control Socket.
[[0;32m  OK  [0m] Listening on udev Control Socket.
[   26.885914] systemd[1]: Mounting Huge Pages File System...
         Mounting Huge Pages File System...
[   26.929619] systemd[1]: Reached target System Time Synchronized.
[[0;32m  OK  [0m] Reached target System Time Synch[   26.955267] iscsi: registered transport (iser)
ronized.
[   26.990320] systemd[1]: Listening on LVM2 metadata daemon socket.
[[0;32m  OK  [0m] Listening on LVM2 metadata daemon socket.
[   27.010254] systemd[1]: Listening on Device-mapper event daemon FIFOs.
[[0;32m  OK  [0m] Listening on Device-mapper event daemon FIFOs.
[   27.034947] systemd[1]: Starting Monitoring of LVM2 mirrors, snapshots etc. using dmeventd or progress polling...
         Starting Monitoring of LVM2 mirrors... dmeventd or progress polling...
[   27.150347] systemd[1]: Mounting POSIX Message Queue File System...
         Mounting POSIX Message Queue File System...
[   27.393806] systemd[1]: Starting Uncomplicated firewall...
         Starting Uncomplicated firewall...
[   27.447529] systemd[1]: Listening on Journal Audit Socket.
[[0;32m  OK  [0m] Listening on Journal Audit Socket.
[   27.470678] systemd[1]: Mounting Debug File System...
         Mounting Debug File System...
[   27.654198] systemd[1]: Listening on Syslog Socket.
[[0;32m  OK  [0m] Listening on Syslog Socket.
[   27.726784] systemd[1]: Starting Journal Service...
         Starting Journal Service...
[   27.762897] systemd[1]: Reached target User and Group Name Lookups.
[[0;32m  OK  [0m] Reached target User and Group Name Lookups.
[   27.800527] systemd[1]: Reached target Slices.
[[0;32m  OK  [0m] Reached target Slices.
[   27.810120] systemd[1]: Started Trigger resolvconf update for networkd DNS.
[[0;32m  OK  [0m] Started Trigger resolvconf update for networkd DNS.
[   27.859139] systemd[1]: Created slice system-serial\x2dgetty.slice.
[[0;32m  OK  [0m] Created slice system-serial\x2dgetty.slice.
[   27.890742] systemd[1]: Mounted POSIX Message Queue File System.
[[0;32m  OK  [0m] Mounted POSIX Message Queue File System.
[   27.929474] systemd[1]: Mounted Huge Pages File System.
[[0;32m  OK  [0m] Mounted Huge Pages File System.
[   27.945848] systemd[1]: Mounted Debug File System.
[[0;32m  OK  [0m] Mounted Debug File System.
[   27.954190] systemd[1]: Started Journal Service.
[[0;32m  OK  [0m] Started Journal Service.
[[0;32m  OK  [0m] Started Load Kernel Modules.
[[0;32m  OK  [0m] Started Set console keymap.
[[0;32m  OK  [0m] Started Remount Root and Kernel File Systems.
[[0;32m  OK  [0m] Started Create list of required sta...ce nodes for the current kernel.
[[0;32m  OK  [0m] Started Uncomplicated firewall.
[[0;32m  OK  [0m] Started Nameserver information manager.
[[0;32m  OK  [0m] Started LVM2 metadata daemon.
         Starting Create Static Device Nodes in /dev...
         Starting udev Coldplug all Devices...
         Starting Load/Save Random Seed...
         Starting Apply Kernel Variables...
         Mounting FUSE Control File System...
         Starting Flush Journal to Persistent Storage...
[[0;32m  OK  [0m] Started Monitoring of LVM2 mirrors,...ng dmeventd or progress polling.
[[0;32m  OK  [0m] Started Create Static Device Nodes in /dev.
[[0;32m  OK  [0m] Started Load/Save Random Seed.
[[0;32m  OK  [0m] Started Apply Kernel Variables.
[[0;32m  OK  [0m] Mounted FUSE Control File System.
         Starting udev Kernel Device Manager...
[[0;32m  OK  [0m] Reached target Local File Systems (Pre).
[[0;32m  OK  [0m] Reached target Local File Systems.
         Starting LSB: AppArmor initialization...
         Starting Initial cloud-init job (pre-networking)...
         Starting Set console font and keymap...
         Starting Tell Plymouth To Write Out Runtime Data...
[[0;32m  OK  [0m] Started Flush Journal to Persistent Storage.
[[0;32m  OK  [0m] Started Tell Plymouth To Write Out Runtime Data.
[[0;32m  OK  [0m] Started udev Kernel Device Manager.
         Starting Create Volatile Files and Directories...
[[0;32m  OK  [0m] Started Create Volatile Files and Directories.
         Starting Update UTMP about System Boot/Shutdown...
[[0;32m  OK  [0m] Started Update UTMP about System Boot/Shutdown.
[[0;32m  OK  [0m] Started udev Coldplug all Devices.
[[0;32m  OK  [0m] Started Dispatch Password Requests to Console Directory Watch.
[[0;32m  OK  [0m] Started LSB: AppArmor initialization.
[[0;32m  OK  [0m] Found device /dev/ttyS0.
[[0;32m  OK  [0m] Listening on Load/Save RF Kill Switch Status /dev/rfkill Watch.
[[0;32m  OK  [0m] Found device 82540EM Gigabit Ethern...r (PRO/1000 MT Desktop Adapter).
[   54.917700] cloud-init[492]: Cloud-init v. 19.1-1-gbaa47854-0ubuntu1~16.04.1 running 'init-local' at Thu, 08 Aug 2019 17:09:07 +0000. Up 49.42 seconds.
[[0;32m  OK  [0m] Started Initial cloud-init job (pre-networking).
[[0;32m  OK  [0m] Reached target Network (Pre).
         Starting Raise network interfaces...
[[0;32m  OK  [0m] Started ifup for enp0s3.
[[0;32m  OK  [0m] Started Set console font and keymap.
[[0;32m  OK  [0m] Created slice system-getty.slice.
[[0;32m  OK  [0m] Started Raise network interfaces.
[[0;32m  OK  [0m] Reached target Network.
         Starting Initial cloud-init job (metadata service crawler)...
[   62.986737] cloud-init[1014]: Cloud-init v. 19.1-1-gbaa47854-0ubuntu1~16.04.1 running 'init' at Thu, 08 Aug 2019 17:09:19 +0000. Up 61.03 seconds.
[   63.032498] cloud-init[1014]: ci-info: ++++++++++++++++++++++++++++++++++++++Net device info++++++++++++++++++++++++++++++++++++++
[   63.050252] cloud-init[1014]: ci-info: +--------+------+----------------------------+---------------+--------+-------------------+
[   63.062905] cloud-init[1014]: ci-info: | Device |  Up  |          Address           |      Mask     | Scope  |     Hw-Address    |
[   63.077901] cloud-init[1014]: ci-info: +--------+------+----------------------------+---------------+--------+-------------------+
[   63.100563] cloud-init[1014]: ci-info: | enp0s3 | True |         10.0.2.15          | 255.255.255.0 | global | 02:1e:e5:6d:71:21 |
[   63.125518] cloud-init[1014]: ci-info: | enp0s3 | True | fe80::1e:e5ff:fe6d:7121/64 |       .       |  link  | 02:1e:e5:6d:71:21 |
[   63.130399] cloud-init[1014]: ci-info: |   lo   | True |         127.0.0.1          |   255.0.0.0   |  host  |         .         |
[   63.135252] cloud-init[1014]: ci-info: |   lo   | True |          ::1/128           |       .       |  host  |         .         |
[   63.144346] cloud-init[1014]: ci-info: +--------+------+----------------------------+---------------+--------+-------------------+
[   63.155111] cloud-init[1014]: ci-info: +++++++++++++++++++++++++++Route IPv4 info++++++++++++++++++++++++++++
[   63.164319] cloud-init[1014]: ci-info: +-------+-------------+----------+---------------+-----------+-------+
[   63.176784] cloud-init[1014]: ci-info: | Route | Destination | Gateway  |    Genmask    | Interface | Flags |
[   63.186448] cloud-init[1014]: ci-info: +-------+-------------+----------+---------------+-----------+-------+
[   63.194956] cloud-init[1014]: ci-info: |   0   |   0.0.0.0   | 10.0.2.2 |    0.0.0.0    |   enp0s3  |   UG  |
[   63.203655] cloud-init[1014]: ci-info: |   1   |   10.0.2.0  | 0.0.0.0  | 255.255.255.0 |   enp0s3  |   U   |
[   63.213384] cloud-init[1014]: ci-info: +-------+-------------+----------+---------------+-----------+-------+
[   63.221022] cloud-init[1014]: ci-info: +++++++++++++++++++Route IPv6 info+++++++++++++++++++
[   63.242308] cloud-init[1014]: ci-info: +-------+-------------+---------+-----------+-------+
[   63.284618] cloud-init[1014]: ci-info: | Route | Destination | Gateway | Interface | Flags |
[   63.295466] cloud-init[1014]: ci-info: +-------+-------------+---------+-----------+-------+
[   63.302119] cloud-init[1014]: ci-info: |   0   |  fe80::/64  |    ::   |   enp0s3  |   U   |
[   63.313674] cloud-init[1014]: ci-info: |   4   |   ff00::/8  |    ::   |   enp0s3  |   U   |
[   63.326370] cloud-init[1014]: ci-info: +-------+-------------+---------+-----------+-------+
[[0;32m  OK  [0m] Started Initial cloud-init job (metadata service crawler).
[[0;32m  OK  [0m] Reached target System Initialization.
[[0;32m  OK  [0m] Listening on D-Bus System Message Bus Socket.
[[0;32m  OK  [0m] Started ACPI Events Check.
[[0;32m  OK  [0m] Reached target Paths.
[[0;32m  OK  [0m] Started Daily apt download activities.
[[0;32m  OK  [0m] Started Daily apt upgrade and clean activities.
         Starting LXD - unix socket.
         Starting Socket activation for snappy daemon.
[[0;32m  OK  [0m] Started Daily Cleanup of Temporary Directories.
[[0;32m  OK  [0m] Reached target Timers.
[[0;32m  OK  [0m] Listening on ACPID Listen Socket.
[[0;32m  OK  [0m] Listening on UUID daemon activation socket.
[[0;32m  OK  [0m] Reached target Cloud-config availability.
[[0;32m  OK  [0m] Reached target Network is Online.
         Starting iSCSI initiator daemon (iscsid)...
[[0;32m  OK  [0m] Listening on LXD - unix socket.
[[0;32m  OK  [0m] Listening on Socket activation for snappy daemon.
[[0;32m  OK  [0m] Reached target Sockets.
[[0;32m  OK  [0m] Reached target Basic System.
[[0;32m  OK  [0m] Started Regular background program processing daemon.
         Starting Virtualbox guest utils...
[[0;32m  OK  [0m] Started Deferred execution scheduler.
         Starting System Logging Service...
[[0;32m  OK  [0m] Started FUSE filesystem for LXC.
         Starting LSB: Record successful boot for GRUB...
         Starting LSB: MD monitoring daemon...
         Starting Snappy daemon...
         Starting Accounts Service...
         Starting /etc/rc.local Compatibility...
         Starting Login Service...
[[0;32m  OK  [0m] Started ACPI event daemon.
         Starting OpenBSD Secure Shell server...
[[0;32m  OK  [0m] Started D-Bus System Message Bus.
         Starting LXD - container startup/shutdown...
[[0;32m  OK  [0m] Started System Logging Service.
[[0;32m  OK  [0m] Started /etc/rc.local Compatibility.
[[0;32m  OK  [0m] Started iSCSI initiator daemon (iscsid).
[[0;32m  OK  [0m] Started OpenBSD Secure Shell server.
[[0;32m  OK  [0m] Started Login Service.
[[0;32m  OK  [0m] Started Unattended Upgrades Shutdown.
         Starting Authenticate and Authorize Users to Run Privileged Tasks...
         Starting Login to default iSCSI targets...
[[0;32m  OK  [0m] Started LSB: Record successful boot for GRUB.
[[0;32m  OK  [0m] Started LSB: MD monitoring daemon.
[[0;32m  OK  [0m] Started Authenticate and Authorize Users to Run Privileged Tasks.
[[0;32m  OK  [0m] Started Login to default iSCSI targets.
[[0;32m  OK  [0m] Reached target Remote File Systems (Pre).
[[0;32m  OK  [0m] Reached target Remote File Systems.
         Starting Permit User Sessions...
         Starting LSB: Set the CPU Frequency Scaling governor to "ondemand"...
         Starting LSB: daemon to balance interrupts for SMP systems...
         Starting LSB: automatic crash report generation...
[[0;32m  OK  [0m] Started Permit User Sessions.
[[0;32m  OK  [0m] Started Accounts Service.
         Starting Hold until boot process finishes up...
         Starting Terminate Plymouth Boot Screen...
[[0;32m  OK  [0m] Started LXD - container startup/shutdown.
[[0;32m  OK  [0m] Started Hold until boot process finishes up.
         Starting Set console scheme...
[[0;32m  OK  [0m] Started Getty on tty1.
[[0;32m  OK  [0m] Started Serial Getty on ttyS0.
[[0;32m  OK  [0m] Reached target Login Prompts.
[[0;32m  OK  [0m] Started Terminate Plymouth Boot Screen.
[[0;32m  OK  [0m] Started Set console scheme.
[[0;32m  OK  [0m] Started Virtualbox guest utils.
[[0;32m  OK  [0m] Started LSB: Set the CPU Frequency Scaling governor to "ondemand".
[[0;32m  OK  [0m] Started LSB: automatic crash report generation.
[[0;32m  OK  [0m] Started LSB: daemon to balance interrupts for SMP systems.
[[0;32m  OK  [0m] Started Snappy daemon.
         Starting Wait until snapd is fully seeded...
[[0;32m  OK  [0m] Created slice User Slice of vagrant.
         Starting User Manager for UID 1000...
[[0;32m  OK  [0m] Started Session 1 of user vagrant.
[[0;32m  OK  [0m] Started Wait until snapd is fully seeded.
         Starting Apply the settings specified in cloud-config...
[[0;32m  OK  [0m] Reached target Multi-User System.
[[0;32m  OK  [0m] Reached target Graphical Interface.
         Starting Update UTMP about System Runlevel Changes...
[[0;32m  OK  [0m] Started User Manager for UID 1000.
[[0;32m  OK  [0m] Started Update UTMP about System Runlevel Changes.

Ubuntu 16.04.6 LTS ubuntu-xenial ttyS0

ubuntu-xenial login: [   82.704708] cloud-init[1326]: Cloud-init v. 19.1-1-gbaa47854-0ubuntu1~16.04.1 running 'modules:config' at Thu, 08 Aug 2019 17:09:39 +0000. Up 81.78 seconds.
[   85.110453] cloud-init[1398]: Cloud-init v. 19.1-1-gbaa47854-0ubuntu1~16.04.1 running 'modules:final' at Thu, 08 Aug 2019 17:09:42 +0000. Up 84.54 seconds.
[   85.112237] cloud-init[1398]: Cloud-init v. 19.1-1-gbaa47854-0ubuntu1~16.04.1 finished at Thu, 08 Aug 2019 17:09:43 +0000. Datasource DataSourceNoCloud [seed=/dev/sdb][dsmode=net].  Up 85.08 seconds
         Stopping Session 4 of user vagrant.
[[0;32m  OK  [0m] Stopped target Cloud-init target.
[[0;32m  OK  [0m] Stopped Execute cloud user/final scripts.
[[0;32m  OK  [0m] Stopped Apply the settings specified in cloud-config.
[[0;32m  OK  [0m] Closed Load/Save RF Kill Switch Status /dev/rfkill Watch.
         Stopping User Manager for UID 1000...
         Stopping Authenticate and Authorize Users to Run Privileged Tasks...
         Stopping ACPI event daemon...
[[0;32m  OK  [0m] Stopped target Timers.
[[0;32m  OK  [0m] Stopped Daily apt upgrade and clean activities.
[[0;32m  OK  [0m] Stopped Daily Cleanup of Temporary Directories.
[[0;32m  OK  [0m] Stopped target Graphical Interface.
[[0;32m  OK  [0m] Stopped target Multi-User System.
         Stopping LSB: daemon to balance interrupts for SMP systems...
         Stopping Virtualbox guest utils...
         Stopping Deferred execution scheduler...
         Stopping LXD - container startup/shutdown...
         Stopping OpenBSD Secure Shell server...
         Stopping System Logging Service...
[[0;32m  OK  [0m] Stopped Wait until snapd is fully seeded.
         Stopping Unattended Upgrades Shutdown...
         Stopping FUSE filesystem for LXC...
[[0;32m  OK  [0m] Stopped target Login Prompts.
         Stopping Getty on1         Stopping Serial Getty on ttyS0...
         Stopping D-Bus System Message Bus...
         Stopping Regular background program processing daemon...
         Stopping LSB: Record successful boot for GRUB...
         Stopping LSB: MD monitoring daemon...
         Stopping Accounts Service...
         Stopping LSB: Set the CPU Frequency Scaling governor to "ondemand"...
         Stopping LSB: automatic crash report generation...
[[0;32m  OK  [0m] Stopped Daily apt download activities.
[[0;32m  OK  [0m] Stopped target System Time Synchronized.
[[0;32m  OK  [0m] Stopped target Cloud-config availability.
[[0;32m  OK  [0m] Unmounted /var/lib/lxcfs.
[[0;32m  OK  [0m] Stopped Regular background program processing daemon.
[[0;32m  OK  [0m] Stopped Deferred execution scheduler.
[[0;32m  OK  [0m] Stopped System Logging Service.
[[0;32m  OK  [0m] Stopped Accounts Service.
[[0;32m  OK  [0m] Stopped ACPI event daemon.
[[0;32m  OK  [0m] Stopped OpenBSD Secure Shell server.
[[0;32m  OK  [0m] Stopped Unattended Upgrades Shutdown.
[[0;32m  OK  [0m] Stopped Authenticate and Authorize Users to Run Privileged Tasks.
[[0;32m  OK  [0m] Stopped Getty on tty1.
[[0;32m  OK  [0m] Stopped Serial Getty on ttyS0.
[[0;32m  OK  [0m] Stopped User Manager for UID 1000.
[[0;32m  OK  [0m] Stopped Session 4 of user vagrant.
[[0;32m  OK  [0m] Stopped D-Bus System Message Bus.
[[0;32m  OK  [0m] Stopped FUSE filesystem for LXC.
[[0;32m  OK  [0m] Stopped LXD - container startup/shutdown.
[[0;32m  OK  [0m] Removed slice User Slice of vagrant.
[[0;32m  OK  [0m] Removed slice system-serial\x2dgetty.slice.
         Stopping Permit User Sessions...
[[0;32m  OK  [0m] Stopped /etc/rc.local Compatibility.
[[0;32m  OK  [0m] Removed slice system-getty.slice.
         Stopping Login Service...
[[0;32m  OK  [0m] Stopped LSB: daemon to balance interrupts for SMP systems.
[[0;32m  OK  [0m] Stopped LSB: Record successful boot for GRUB.
[[0;32m  OK  [0m] Stopped LSB: Set the CPU Frequency Scaling governor to "ondemand".
[[0;32m  OK  [0m] Stopped LSB: MD monitoring daemon.
[[0;32m  OK  [0m] Stopped Login Service.
[[0;32m  OK  [0m] Stopped Permit User Sessions.
[[0;32m  OK  [0m] Stopped LSB: automatic crash report generation.
[[0;32m  OK  [0m] Stopped Virtualbox guest utils.
[[0;32m  OK  [0m] Stopped target User and Group Name Lookups.
[[0;32m  OK  [0m] Stopped target Remote File Systems.
[[0;32m  OK  [0m] Stopped target Remote File Systems (Pre).
         Stopping Login to default iSCSI targets...
[[0;32m  OK  [0m] Stopped target Basic System.
[[0;32m  OK  [0m] Stopped target Sockets.
[[0;32m  OK  [0m] Closed Syslog Socket.
[[0;32m  OK  [0m] Closed UUID daemon activation socket.
[[0;32m  OK  [0m] Closed D-Bus System Message Bus Socket.
[[0;32m  OK  [0m] Closed ACPID Listen Socket.
[[0;32m  OK  [0m] Closed Socket activation for snappy daemon.
[[0;32m  OK  [0m] Closed LXD - unix socket.
[[0;32m  OK  [0m] Stopped target Slices.
[[0;32m  OK  [0m] Removed slice User and Session Slice.
[[0;32m  OK  [0m] Stopped target Paths.
[[0;32m  OK  [0m] Stopped Dispatch Password Requests to Console Directory Watch.
[[0;32m  OK  [0m] Stopped Forward Password Requests to Wall Directory Watch.
[[0;32m  OK  [0m] Stopped ACPI Events Check.
[[0;32m  OK  [0m] Stopped target System Initialization.
         Stopping Load/Save Random Seed...
[[0;32m  OK  [0m] Stopped target Encrypted Volumes.
[[0;32m  OK  [0m] Stopped target Swap.
         Stopping Update UTMP about System Boot/Shutdown...
[[0;32m  OK  [0m] Stopped Load/Save Random Seed.
[[0;32m  OK  [0m] Stopped Update UTMP about System Boot/Shutdown.
[[0;32m  OK  [0m] Stopped Create Volatile Files and Directories.
[[0;32m  OK  [0m] Stopped Login to default iSCSI targets.
         Stopping iSCSI initiator daemon (iscsid)...
[[0;32m  OK  [0m] Stopped iSCSI initiator daemon (iscsid).
[[0;32m  OK  [0m] Stopped target Network is Online.
[[0;32m  OK  [0m] Stopped Initial cloud-init job (metadata service crawler).
[[0;32m  OK  [0m] Stopped target Network.
         Stopping Raise network interfaces...
[[0;32m  OK  [0m] Stopped Raise network interfaces.
[[0;32m  OK  [0m] Stopped target Network (Pre).
[[0;32m  OK  [0m] Stopped Initial cloud-init job (pre-networking).
[[0;32m  OK  [0m] Stopped target Local File Systems.
         Unmounting /vagrant...
         Unmounting /run/user/1000...
[[0;32m  OK  [0m] Stopped Apply Kernel Variables.
[[0;32m  OK  [0m] Stopped Load Kernel Modules.
[[0;32m  OK  [0m] Unmounted /vagrant.
[[0;32m  OK  [0m] Unmounted /run/user/1000.
[[0;32m  OK  [0m] Reached target Unmount All Filesystems.
[[0;32m  OK  [0m] Stopped target Local File Systems (Pre).
[[0;32m  OK  [0m] Stopped Remount Root and Kernel File Systems.
         Stopping Monitoring of LVM2 mirrors... dmeventd or progress polling...
[[0;32m  OK  [0m] Stopped Create Static Device Nodes in /dev.
[[0;32m  OK  [0m] Reached target Shutdown.
[  149.302987] reboot: Power down
